16/03/2026 16:12:08,47 - APLICADA: database\011_participant_meals_hardening.sql 
16/03/2026 19:04:15,49 - APLICADA: database\012_meal_services_redesign.sql 
17/03/2026 16:30:00,00 - APLICADA: database\013_participants_workforce_integrity.sql 
19/03/2026 20:11:26,58 - APLICADA: database\021_event_meal_services_alignment.sql 
19/03/2026 20:11:41,25 - APLICADA: database\024_external_meal_validity_windows.sql 
19/03/2026 20:11:50,61 - APLICADA: database\022_workforce_assignment_identity.sql 
19/03/2026 20:12:05,24 - APLICADA: database\023_event_participants_qr_token_hardening.sql 
20/03/2026 12:01:13,72 - APLICADA: database\025_cashless_offline_hardening.sql 
20/03/2026 14:07:56,09 - APLICADA: database\026_event_scoped_card_assignments.sql 
20/03/2026 16:09:14,29 - APLICADA: database\027_expand_otp_code_storage.sql 
20/03/2026 21:11:02,57 - APLICADA: database\028_workforce_bulk_card_issuance_foundation.sql 
23/03/2026 17:32:46,55 - APLICADA: database\034_event_finance_module.sql 
24/03/2026 11:53:48,00 - APLICADA: database\035_artist_logistics_module.sql 
26/03/2026 12:55:33,98 - APLICADA: database\037_operational_offline_sync_expansion.sql 
26/03/2026 21:37:31,32 - APLICADA: database\038_ai_orchestrator_foundation.sql 
31/03/2026 13:51:46,86 - APLICADA: database\039_ai_agent_execution_history.sql 
31/03/2026 13:51:47,36 - APLICADA: database\040_ai_memory_and_event_reports.sql 
31/03/2026 13:51:47,72 - APLICADA: database\041_workforce_ai_integrity_hardening.sql 
31/03/2026 16:42:34,67 - APLICADA: database\042_backfill_event_scoped_organizer_ids.sql 
31/03/2026 17:32:46,35 - APLICADA: database\043_validate_not_valid_constraints_wave1.sql 
31/03/2026 18:37:21,70 - APLICADA: database\044_participant_checkins_schema_contract.sql 
31/03/2026 21:16:15,41 - APLICADA: database\045_cashless_sync_operational_indexes.sql 
31/03/2026 22:59:38,79 - APLICADA: database\046_ai_tool_approval_enforcement.sql 
01/04/2026  1:33:08,38 - APLICADA: database\047_audit_log_actor_enrichment.sql 
01/04/2026  2:12:17,75 - APLICADA: database\048_ai_tenant_isolation_hardening.sql 
04/04/2026  0:00:00,00 - APLICADA: database\049_organizer_id_hardening.sql
04/04/2026  0:00:00,00 - APLICADA: database\050_indexes_performance.sql
04/04/2026  0:00:00,00 - APLICADA: database\051_rls_policies.sql
2026-04-05T23:15:06Z | 049_organizer_id_hardening.sql | applied
2026-04-05T23:15:06Z | 050_indexes_performance.sql | applied
2026-04-05T23:15:06Z | 051_rls_policies.sql | applied
2026-04-05T23:15:07Z | 052_messaging_hardening.sql | applied
2026-04-05T23:15:07Z | 053_payment_gateway.sql | applied
2026-04-05T23:35:26Z | 054_organizer_id_meals_workforce.sql | applied
2026-04-06T00:16:20Z | 055_app_user_password.sql | applied
2026-04-06T13:29:03-03:00 — 056_mcp_servers.sql — Applied: organizer_mcp_servers + organizer_mcp_server_tools
2026-04-06T13:29:03-03:00 — 057_organizer_file_hub.sql — Applied: organizer_files (AI document hub)
09/04/2026 18:02:09,57 - APLICADA: database\058_rate_limits_schema_foundation.sql 
09/04/2026 18:30:28,45 - APLICADA: database\059_schema_tenancy_followup.sql 
062_ai_agent_skills_warehouse.sql | applied | 2026-04-10T19:50:49Z | AI Agent Registry + Skills Warehouse + Conversations (5 tables, 12 agents, 32 skills, 63 mappings)
064_rls_ai_v2_tables.sql | applied | 2026-04-10T19:50:49Z | RLS on ai_conversation_sessions + ai_conversation_messages, grants on 5 AI v2 tables
065_ai_find_events_skill.sql | applied | 2026-04-10T23:44:27Z | find_events skill registered for 12 agents
11/04/2026 11:33:03 - APLICADA: database/066_organizer_ai_dna.sql
067_ai_agent_personas.sql | applied | 2026-04-11T15:12:23Z | 12 agent personas populated (30y specialist voices) + action catalog wiring

2026-04-11T22:30:00-03:00 — 069_rls_ai_memory_reports.sql — applied
2026-04-11T22:30:00-03:00 — 070_session_composite_key.sql — applied
2026-04-11T22:30:00-03:00 — 074_manifest_sync.sql — applied (marker)
2026-04-11T22:30:00-03:00 — 075_ai_routing_events.sql — applied
2026-04-11T22:30:00-03:00 — 076_ai_tool_executions.sql — applied
2026-04-11T22:30:00-03:00 — 077_ai_platform_guide.sql — applied (platform_guide agent + 4 skills)
2026-04-12 078_ai_label_translations.sql APPLIED (72 field labels + 20 tool names)
2026-04-12 079_ai_memory_relevance.sql APPLIED (relevance_score + recall tracking)
2026-04-12 080_ai_metrics_daily.sql APPLIED
2026-04-12 081_ai_skill_versioning.sql APPLIED
2026-04-12 082_ai_prompt_versions.sql APPLIED
2026-04-12 083_pgvector_extension.sql APPLIED (warning: pgvector not available)
2026-04-12 084_document_embeddings.sql APPLIED (skipped: vector type not found)
